2024/09/09 17:47:13 [emerg] 1#1: host not found in upstream "web-back" in /etc/nginx/conf.d/default.conf:90
2024/09/09 17:47:22 [emerg] 1#1: host not found in upstream "web-back" in /etc/nginx/conf.d/default.conf:90
2024/09/09 17:47:31 [emerg] 1#1: host not found in upstream "web-back" in /etc/nginx/conf.d/default.conf:90
2024/09/09 17:47:40 [emerg] 1#1: host not found in upstream "web-back" in /etc/nginx/conf.d/default.conf:90
2024/09/09 17:47:49 [emerg] 1#1: host not found in upstream "web-back" in /etc/nginx/conf.d/default.conf:90
2024/09/09 17:47:59 [emerg] 1#1: host not found in upstream "web-back" in /etc/nginx/conf.d/default.conf:90
2024/09/09 17:48:11 [emerg] 1#1: host not found in upstream "web-back" in /etc/nginx/conf.d/default.conf:90
2024/09/09 17:48:26 [emerg] 1#1: host not found in upstream "web-back" in /etc/nginx/conf.d/default.conf:90
2024/09/09 17:48:49 [emerg] 1#1: host not found in upstream "web-back" in /etc/nginx/conf.d/default.conf:90
2024/09/09 17:48:58 [emerg] 1#1: host not found in upstream "web-back" in /etc/nginx/conf.d/default.conf:90
2024/09/09 17:49:07 [emerg] 1#1: host not found in upstream "web-back" in /etc/nginx/conf.d/default.conf:90
2024/09/09 17:49:16 [emerg] 1#1: host not found in upstream "web-back" in /etc/nginx/conf.d/default.conf:90
2024/09/09 17:49:26 [emerg] 1#1: host not found in upstream "web-back" in /etc/nginx/conf.d/default.conf:90
2024/09/09 17:49:36 [emerg] 1#1: host not found in upstream "web-back" in /etc/nginx/conf.d/default.conf:90
2024/09/09 17:49:47 [emerg] 1#1: host not found in upstream "web-back" in /etc/nginx/conf.d/default.conf:90
2024/09/09 17:50:02 [emerg] 1#1: host not found in upstream "web-back" in /etc/nginx/conf.d/default.conf:90
2024/09/09 17:50:23 [emerg] 1#1: host not found in upstream "web-back" in /etc/nginx/conf.d/default.conf:90
2024/09/09 17:50:57 [emerg] 1#1: host not found in upstream "web-back" in /etc/nginx/conf.d/default.conf:90
2024/09/09 17:51:51 [emerg] 1#1: host not found in upstream "web-back" in /etc/nginx/conf.d/default.conf:90
2024/09/09 17:52:00 [emerg] 1#1: host not found in upstream "web-back" in /etc/nginx/conf.d/default.conf:90
2024/09/09 17:52:09 [emerg] 1#1: host not found in upstream "web-back" in /etc/nginx/conf.d/default.conf:90
2024/09/09 17:52:17 [emerg] 1#1: host not found in upstream "web-back" in /etc/nginx/conf.d/default.conf:90
2024/09/09 17:53:08 [emerg] 1#1: host not found in upstream "web-back" in /etc/nginx/conf.d/default.conf:90
2024/09/09 17:53:17 [emerg] 1#1: host not found in upstream "web-back" in /etc/nginx/conf.d/default.conf:90
2024/09/09 17:53:25 [emerg] 1#1: host not found in upstream "web-back" in /etc/nginx/conf.d/default.conf:90
2024/09/09 17:53:34 [emerg] 1#1: host not found in upstream "web-back" in /etc/nginx/conf.d/default.conf:90
2024/09/09 17:53:43 [emerg] 1#1: host not found in upstream "web-back" in /etc/nginx/conf.d/default.conf:90
2024/09/09 17:53:54 [emerg] 1#1: host not found in upstream "web-back" in /etc/nginx/conf.d/default.conf:90
2024/09/09 17:54:06 [emerg] 1#1: host not found in upstream "web-back" in /etc/nginx/conf.d/default.conf:90
2024/09/09 17:54:20 [emerg] 1#1: host not found in upstream "web-back" in /etc/nginx/conf.d/default.conf:90
2024/09/09 17:54:41 [emerg] 1#1: host not found in upstream "web-back" in /etc/nginx/conf.d/default.conf:90
2024/09/09 17:55:15 [emerg] 1#1: host not found in upstream "web-back" in /etc/nginx/conf.d/default.conf:90
2024/09/09 17:55:45 [emerg] 1#1: host not found in upstream "web-back" in /etc/nginx/conf.d/default.conf:90
2024/09/09 17:55:55 [emerg] 1#1: host not found in upstream "web-back" in /etc/nginx/conf.d/default.conf:90
2024/09/09 17:56:03 [emerg] 1#1: host not found in upstream "web-back" in /etc/nginx/conf.d/default.conf:90
2024/09/09 17:56:12 [emerg] 1#1: host not found in upstream "web-back" in /etc/nginx/conf.d/default.conf:90
2024/09/09 17:56:21 [emerg] 1#1: host not found in upstream "web-back" in /etc/nginx/conf.d/default.conf:90
2024/09/09 17:56:31 [emerg] 1#1: host not found in upstream "web-back" in /etc/nginx/conf.d/default.conf:90
2024/09/09 17:56:52 [emerg] 1#1: host not found in upstream "web-back" in /etc/nginx/conf.d/default.conf:90
2024/09/09 17:57:01 [emerg] 1#1: host not found in upstream "web-back" in /etc/nginx/conf.d/default.conf:90
2024/09/09 17:57:10 [emerg] 1#1: host not found in upstream "web-back" in /etc/nginx/conf.d/default.conf:90
2024/09/09 17:57:19 [emerg] 1#1: host not found in upstream "web-back" in /etc/nginx/conf.d/default.conf:90
2024/09/09 17:57:28 [emerg] 1#1: host not found in upstream "web-back" in /etc/nginx/conf.d/default.conf:90
2024/09/09 17:57:54 [emerg] 1#1: host not found in upstream "web-back" in /etc/nginx/conf.d/default.conf:90
2024/09/09 17:58:03 [emerg] 1#1: host not found in upstream "web-back" in /etc/nginx/conf.d/default.conf:90
2024/09/09 17:58:12 [emerg] 1#1: host not found in upstream "web-back" in /etc/nginx/conf.d/default.conf:90
2024/09/09 17:58:21 [emerg] 1#1: host not found in upstream "web-back" in /etc/nginx/conf.d/default.conf:90
2024/09/09 17:58:30 [emerg] 1#1: host not found in upstream "web-back" in /etc/nginx/conf.d/default.conf:90
2024/09/09 17:58:40 [emerg] 1#1: host not found in upstream "web-back" in /etc/nginx/conf.d/default.conf:90
2024/09/09 17:58:57 [emerg] 1#1: host not found in upstream "web-back" in /etc/nginx/conf.d/default.conf:90
2024/09/09 17:59:06 [emerg] 1#1: host not found in upstream "web-back" in /etc/nginx/conf.d/default.conf:90
2024/09/09 17:59:15 [emerg] 1#1: host not found in upstream "web-back" in /etc/nginx/conf.d/default.conf:90
2024/09/09 17:59:24 [emerg] 1#1: host not found in upstream "web-back" in /etc/nginx/conf.d/default.conf:90
2024/09/09 17:59:33 [emerg] 1#1: host not found in upstream "web-back" in /etc/nginx/conf.d/default.conf:90
2024/09/09 17:59:43 [emerg] 1#1: host not found in upstream "web-back" in /etc/nginx/conf.d/default.conf:90
2024/09/09 17:59:55 [emerg] 1#1: host not found in upstream "web-back" in /etc/nginx/conf.d/default.conf:90
2024/09/09 18:00:10 [emerg] 1#1: host not found in upstream "web-back" in /etc/nginx/conf.d/default.conf:90
2024/09/09 18:00:31 [emerg] 1#1: host not found in upstream "web-back" in /etc/nginx/conf.d/default.conf:90
2024/09/09 18:01:05 [emerg] 1#1: host not found in upstream "web-back" in /etc/nginx/conf.d/default.conf:90
2024/09/09 18:02:04 [emerg] 1#1: host not found in upstream "web-back" in /etc/nginx/conf.d/default.conf:90
2024/09/09 18:03:13 [emerg] 1#1: host not found in upstream "web-back" in /etc/nginx/conf.d/default.conf:90
2024/09/09 18:04:48 [notice] 1#1: using the "epoll" event method
2024/09/09 18:04:48 [notice] 1#1: nginx/1.27.1
2024/09/09 18:04:48 [notice] 1#1: built by gcc 12.2.0 (Debian 12.2.0-14) 
2024/09/09 18:04:48 [notice] 1#1: OS: Linux 5.15.153.1-microsoft-standard-WSL2
2024/09/09 18:04:48 [notice] 1#1: getrlimit(RLIMIT_NOFILE): 1048576:1048576
2024/09/09 18:04:48 [notice] 1#1: start worker processes
2024/09/09 18:04:48 [notice] 1#1: start worker process 29
2024/09/09 18:04:48 [notice] 1#1: start worker process 30
2024/09/09 18:04:48 [notice] 1#1: start worker process 31
2024/09/09 18:04:48 [notice] 1#1: start worker process 32
2024/09/09 18:04:48 [notice] 1#1: start worker process 33
2024/09/09 18:04:48 [notice] 1#1: start worker process 34
2024/09/09 18:04:48 [notice] 1#1: start worker process 35
2024/09/09 18:04:48 [notice] 1#1: start worker process 36
2024/09/09 18:04:48 [notice] 1#1: start worker process 37
2024/09/09 18:04:48 [notice] 1#1: start worker process 38
2024/09/09 18:04:48 [notice] 1#1: start worker process 39
2024/09/09 18:04:48 [notice] 1#1: start worker process 40
2024/09/09 18:04:48 [notice] 1#1: start worker process 41
2024/09/09 18:04:48 [notice] 1#1: start worker process 42
2024/09/09 18:04:48 [notice] 1#1: start worker process 43
2024/09/09 18:04:48 [notice] 1#1: start worker process 44
2024/09/09 18:04:48 [notice] 1#1: start worker process 45
2024/09/09 18:04:48 [notice] 1#1: start worker process 46
2024/09/09 18:04:48 [notice] 1#1: start worker process 47
2024/09/09 18:04:48 [notice] 1#1: start worker process 48
2024/09/09 18:09:58 [notice] 1#1: signal 3 (SIGQUIT) received, shutting down
2024/09/09 18:09:58 [notice] 29#29: gracefully shutting down
2024/09/09 18:09:59 [notice] 37#37: gracefully shutting down
2024/09/09 18:09:58 [notice] 33#33: gracefully shutting down
2024/09/09 18:09:58 [notice] 32#32: gracefully shutting down
2024/09/09 18:09:58 [notice] 31#31: gracefully shutting down
2024/09/09 18:09:59 [notice] 38#38: gracefully shutting down
2024/09/09 18:09:59 [notice] 35#35: gracefully shutting down
2024/09/09 18:09:59 [notice] 30#30: gracefully shutting down
2024/09/09 18:09:59 [notice] 43#43: gracefully shutting down
2024/09/09 18:09:59 [notice] 34#34: gracefully shutting down
2024/09/09 18:09:59 [notice] 40#40: gracefully shutting down
2024/09/09 18:09:59 [notice] 39#39: gracefully shutting down
2024/09/09 18:09:59 [notice] 41#41: gracefully shutting down
2024/09/09 18:09:58 [notice] 31#31: exiting
2024/09/09 18:09:58 [notice] 29#29: exiting
2024/09/09 18:09:59 [notice] 37#37: exiting
2024/09/09 18:09:59 [notice] 36#36: gracefully shutting down
2024/09/09 18:09:58 [notice] 32#32: exiting
2024/09/09 18:09:59 [notice] 38#38: exiting
2024/09/09 18:09:59 [notice] 40#40: exiting
2024/09/09 18:09:58 [notice] 33#33: exiting
2024/09/09 18:09:59 [notice] 42#42: gracefully shutting down
2024/09/09 18:09:59 [notice] 46#46: gracefully shutting down
2024/09/09 18:09:59 [notice] 44#44: gracefully shutting down
2024/09/09 18:09:59 [notice] 48#48: gracefully shutting down
2024/09/09 18:09:59 [notice] 45#45: gracefully shutting down
2024/09/09 18:09:59 [notice] 47#47: gracefully shutting down
2024/09/09 18:09:59 [notice] 35#35: exiting
2024/09/09 18:09:59 [notice] 44#44: exiting
2024/09/09 18:09:59 [notice] 43#43: exiting
2024/09/09 18:09:59 [notice] 34#34: exiting
2024/09/09 18:09:59 [notice] 30#30: exiting
2024/09/09 18:09:59 [notice] 39#39: exiting
2024/09/09 18:09:59 [notice] 36#36: exiting
2024/09/09 18:09:59 [notice] 47#47: exiting
2024/09/09 18:09:59 [notice] 42#42: exiting
2024/09/09 18:09:59 [notice] 41#41: exiting
2024/09/09 18:09:59 [notice] 46#46: exiting
2024/09/09 18:09:59 [notice] 44#44: exit
2024/09/09 18:09:59 [notice] 48#48: exiting
2024/09/09 18:09:59 [notice] 45#45: exiting
2024/09/09 18:09:59 [notice] 40#40: exit
2024/09/09 18:09:59 [notice] 38#38: exit
2024/09/09 18:09:58 [notice] 31#31: exit
2024/09/09 18:09:59 [notice] 42#42: exit
2024/09/09 18:09:58 [notice] 32#32: exit
2024/09/09 18:09:59 [notice] 37#37: exit
2024/09/09 18:09:59 [notice] 35#35: exit
2024/09/09 18:09:58 [notice] 29#29: exit
2024/09/09 18:09:59 [notice] 39#39: exit
2024/09/09 18:09:59 [notice] 36#36: exit
2024/09/09 18:09:59 [notice] 30#30: exit
2024/09/09 18:09:58 [notice] 33#33: exit
2024/09/09 18:09:59 [notice] 46#46: exit
2024/09/09 18:09:59 [notice] 47#47: exit
2024/09/09 18:09:59 [notice] 43#43: exit
2024/09/09 18:09:59 [notice] 34#34: exit
2024/09/09 18:09:59 [notice] 41#41: exit
2024/09/09 18:09:59 [notice] 48#48: exit
2024/09/09 18:09:59 [notice] 45#45: exit
2024/09/09 18:09:59 [notice] 1#1: signal 17 (SIGCHLD) received from 29
2024/09/09 18:09:59 [notice] 1#1: worker process 29 exited with code 0
2024/09/09 18:09:59 [notice] 1#1: signal 29 (SIGIO) received
2024/09/09 18:09:59 [notice] 1#1: signal 17 (SIGCHLD) received from 37
2024/09/09 18:09:59 [notice] 1#1: worker process 37 exited with code 0
2024/09/09 18:09:59 [notice] 1#1: worker process 30 exited with code 0
2024/09/09 18:09:59 [notice] 1#1: worker process 31 exited with code 0
2024/09/09 18:09:59 [notice] 1#1: worker process 32 exited with code 0
2024/09/09 18:09:59 [notice] 1#1: worker process 34 exited with code 0
2024/09/09 18:09:59 [notice] 1#1: worker process 35 exited with code 0
2024/09/09 18:09:59 [notice] 1#1: worker process 36 exited with code 0
2024/09/09 18:09:59 [notice] 1#1: worker process 38 exited with code 0
2024/09/09 18:09:59 [notice] 1#1: worker process 39 exited with code 0
2024/09/09 18:09:59 [notice] 1#1: worker process 41 exited with code 0
2024/09/09 18:09:59 [notice] 1#1: worker process 43 exited with code 0
2024/09/09 18:09:59 [notice] 1#1: worker process 44 exited with code 0
2024/09/09 18:09:59 [notice] 1#1: worker process 47 exited with code 0
2024/09/09 18:09:59 [notice] 1#1: worker process 48 exited with code 0
2024/09/09 18:09:59 [notice] 1#1: signal 29 (SIGIO) received
2024/09/09 18:09:59 [notice] 1#1: signal 17 (SIGCHLD) received from 34
2024/09/09 18:09:59 [notice] 1#1: signal 17 (SIGCHLD) received from 46
2024/09/09 18:09:59 [notice] 1#1: worker process 40 exited with code 0
2024/09/09 18:09:59 [notice] 1#1: worker process 42 exited with code 0
2024/09/09 18:09:59 [notice] 1#1: worker process 46 exited with code 0
2024/09/09 18:09:59 [notice] 1#1: signal 29 (SIGIO) received
2024/09/09 18:09:59 [notice] 1#1: signal 17 (SIGCHLD) received from 42
2024/09/09 18:09:59 [notice] 1#1: signal 17 (SIGCHLD) received from 45
2024/09/09 18:09:59 [notice] 1#1: worker process 33 exited with code 0
2024/09/09 18:09:59 [notice] 1#1: worker process 45 exited with code 0
2024/09/09 18:09:59 [notice] 1#1: exit
2024/09/09 18:10:17 [notice] 1#1: using the "epoll" event method
2024/09/09 18:10:17 [notice] 1#1: nginx/1.27.1
2024/09/09 18:10:17 [notice] 1#1: built by gcc 12.2.0 (Debian 12.2.0-14) 
2024/09/09 18:10:17 [notice] 1#1: OS: Linux 5.15.153.1-microsoft-standard-WSL2
2024/09/09 18:10:17 [notice] 1#1: getrlimit(RLIMIT_NOFILE): 1048576:1048576
2024/09/09 18:10:17 [notice] 1#1: start worker processes
2024/09/09 18:10:17 [notice] 1#1: start worker process 29
2024/09/09 18:10:17 [notice] 1#1: start worker process 30
2024/09/09 18:10:17 [notice] 1#1: start worker process 31
2024/09/09 18:10:17 [notice] 1#1: start worker process 32
2024/09/09 18:10:17 [notice] 1#1: start worker process 33
2024/09/09 18:10:17 [notice] 1#1: start worker process 34
2024/09/09 18:10:17 [notice] 1#1: start worker process 35
2024/09/09 18:10:17 [notice] 1#1: start worker process 36
2024/09/09 18:10:17 [notice] 1#1: start worker process 37
2024/09/09 18:10:17 [notice] 1#1: start worker process 38
2024/09/09 18:10:17 [notice] 1#1: start worker process 39
2024/09/09 18:10:17 [notice] 1#1: start worker process 40
2024/09/09 18:10:17 [notice] 1#1: start worker process 41
2024/09/09 18:10:17 [notice] 1#1: start worker process 42
2024/09/09 18:10:17 [notice] 1#1: start worker process 43
2024/09/09 18:10:17 [notice] 1#1: start worker process 44
2024/09/09 18:10:17 [notice] 1#1: start worker process 45
2024/09/09 18:10:17 [notice] 1#1: start worker process 46
2024/09/09 18:10:17 [notice] 1#1: start worker process 47
2024/09/09 18:10:17 [notice] 1#1: start worker process 48
2024/09/09 18:12:29 [notice] 1#1: using the "epoll" event method
2024/09/09 18:12:29 [notice] 1#1: nginx/1.27.1
2024/09/09 18:12:29 [notice] 1#1: built by gcc 12.2.0 (Debian 12.2.0-14) 
2024/09/09 18:12:29 [notice] 1#1: OS: Linux 5.15.153.1-microsoft-standard-WSL2
2024/09/09 18:12:29 [notice] 1#1: getrlimit(RLIMIT_NOFILE): 1048576:1048576
2024/09/09 18:12:29 [notice] 1#1: start worker processes
2024/09/09 18:12:29 [notice] 1#1: start worker process 28
2024/09/09 18:12:29 [notice] 1#1: start worker process 29
2024/09/09 18:12:29 [notice] 1#1: start worker process 30
2024/09/09 18:12:29 [notice] 1#1: start worker process 31
2024/09/09 18:12:29 [notice] 1#1: start worker process 32
2024/09/09 18:12:29 [notice] 1#1: start worker process 33
2024/09/09 18:12:29 [notice] 1#1: start worker process 34
2024/09/09 18:12:29 [notice] 1#1: start worker process 35
2024/09/09 18:12:29 [notice] 1#1: start worker process 36
2024/09/09 18:12:29 [notice] 1#1: start worker process 37
2024/09/09 18:12:29 [notice] 1#1: start worker process 38
2024/09/09 18:12:29 [notice] 1#1: start worker process 39
2024/09/09 18:12:29 [notice] 1#1: start worker process 40
2024/09/09 18:12:29 [notice] 1#1: start worker process 41
2024/09/09 18:12:29 [notice] 1#1: start worker process 42
2024/09/09 18:12:29 [notice] 1#1: start worker process 43
2024/09/09 18:12:29 [notice] 1#1: start worker process 44
2024/09/09 18:12:29 [notice] 1#1: start worker process 45
2024/09/09 18:12:29 [notice] 1#1: start worker process 46
2024/09/09 18:12:29 [notice] 1#1: start worker process 47
2024/09/09 18:14:34 [notice] 1#1: signal 3 (SIGQUIT) received, shutting down
2024/09/09 18:14:34 [notice] 28#28: gracefully shutting down
2024/09/09 18:14:34 [notice] 29#29: gracefully shutting down
2024/09/09 18:14:34 [notice] 30#30: gracefully shutting down
2024/09/09 18:14:34 [notice] 31#31: gracefully shutting down
2024/09/09 18:14:34 [notice] 40#40: gracefully shutting down
2024/09/09 18:14:34 [notice] 38#38: gracefully shutting down
2024/09/09 18:14:34 [notice] 41#41: gracefully shutting down
2024/09/09 18:14:34 [notice] 39#39: gracefully shutting down
2024/09/09 18:14:34 [notice] 33#33: gracefully shutting down
2024/09/09 18:14:34 [notice] 42#42: gracefully shutting down
2024/09/09 18:14:34 [notice] 43#43: gracefully shutting down
2024/09/09 18:14:34 [notice] 37#37: gracefully shutting down
2024/09/09 18:14:34 [notice] 44#44: gracefully shutting down
2024/09/09 18:14:34 [notice] 35#35: gracefully shutting down
2024/09/09 18:14:34 [notice] 47#47: gracefully shutting down
2024/09/09 18:14:34 [notice] 32#32: gracefully shutting down
2024/09/09 18:14:34 [notice] 46#46: gracefully shutting down
2024/09/09 18:14:34 [notice] 45#45: gracefully shutting down
2024/09/09 18:14:34 [notice] 34#34: gracefully shutting down
2024/09/09 18:14:34 [notice] 36#36: gracefully shutting down
2024/09/09 18:14:34 [notice] 31#31: exiting
2024/09/09 18:14:34 [notice] 30#30: exiting
2024/09/09 18:14:34 [notice] 42#42: exiting
2024/09/09 18:14:34 [notice] 28#28: exiting
2024/09/09 18:14:34 [notice] 40#40: exiting
2024/09/09 18:14:34 [notice] 29#29: exiting
2024/09/09 18:14:34 [notice] 38#38: exiting
2024/09/09 18:14:34 [notice] 33#33: exiting
2024/09/09 18:14:34 [notice] 41#41: exiting
2024/09/09 18:14:34 [notice] 35#35: exiting
2024/09/09 18:14:34 [notice] 36#36: exiting
2024/09/09 18:14:34 [notice] 39#39: exiting
2024/09/09 18:14:34 [notice] 44#44: exiting
2024/09/09 18:14:34 [notice] 47#47: exiting
2024/09/09 18:14:34 [notice] 32#32: exiting
2024/09/09 18:14:34 [notice] 34#34: exiting
2024/09/09 18:14:34 [notice] 44#44: exit
2024/09/09 18:14:34 [notice] 36#36: exit
2024/09/09 18:14:34 [notice] 32#32: exit
2024/09/09 18:14:34 [notice] 42#42: exit
2024/09/09 18:14:34 [notice] 34#34: exit
2024/09/09 18:14:34 [notice] 46#46: exiting
2024/09/09 18:14:34 [notice] 43#43: exiting
2024/09/09 18:14:34 [notice] 37#37: exiting
2024/09/09 18:14:34 [notice] 45#45: exiting
2024/09/09 18:14:34 [notice] 33#33: exit
2024/09/09 18:14:34 [notice] 31#31: exit
2024/09/09 18:14:34 [notice] 30#30: exit
2024/09/09 18:14:34 [notice] 29#29: exit
2024/09/09 18:14:34 [notice] 28#28: exit
2024/09/09 18:14:34 [notice] 37#37: exit
2024/09/09 18:14:34 [notice] 41#41: exit
2024/09/09 18:14:34 [notice] 39#39: exit
2024/09/09 18:14:34 [notice] 47#47: exit
2024/09/09 18:14:34 [notice] 35#35: exit
2024/09/09 18:14:34 [notice] 40#40: exit
2024/09/09 18:14:34 [notice] 38#38: exit
2024/09/09 18:14:34 [notice] 43#43: exit
2024/09/09 18:14:34 [notice] 45#45: exit
2024/09/09 18:14:34 [notice] 46#46: exit
2024/09/09 18:14:34 [notice] 1#1: signal 17 (SIGCHLD) received from 36
2024/09/09 18:14:34 [notice] 1#1: worker process 36 exited with code 0
2024/09/09 18:14:34 [notice] 1#1: worker process 39 exited with code 0
2024/09/09 18:14:34 [notice] 1#1: signal 29 (SIGIO) received
2024/09/09 18:14:34 [notice] 1#1: signal 17 (SIGCHLD) received from 34
2024/09/09 18:14:34 [notice] 1#1: worker process 33 exited with code 0
2024/09/09 18:14:34 [notice] 1#1: worker process 34 exited with code 0
2024/09/09 18:14:34 [notice] 1#1: worker process 37 exited with code 0
2024/09/09 18:14:34 [notice] 1#1: worker process 40 exited with code 0
2024/09/09 18:14:34 [notice] 1#1: worker process 42 exited with code 0
2024/09/09 18:14:34 [notice] 1#1: worker process 44 exited with code 0
2024/09/09 18:14:34 [notice] 1#1: worker process 46 exited with code 0
2024/09/09 18:14:34 [notice] 1#1: signal 29 (SIGIO) received
2024/09/09 18:14:34 [notice] 1#1: signal 17 (SIGCHLD) received from 40
2024/09/09 18:14:34 [notice] 1#1: signal 17 (SIGCHLD) received from 47
2024/09/09 18:14:34 [notice] 1#1: worker process 28 exited with code 0
2024/09/09 18:14:34 [notice] 1#1: worker process 29 exited with code 0
2024/09/09 18:14:34 [notice] 1#1: worker process 30 exited with code 0
2024/09/09 18:14:34 [notice] 1#1: worker process 32 exited with code 0
2024/09/09 18:14:34 [notice] 1#1: worker process 38 exited with code 0
2024/09/09 18:14:34 [notice] 1#1: worker process 43 exited with code 0
2024/09/09 18:14:34 [notice] 1#1: worker process 45 exited with code 0
2024/09/09 18:14:34 [notice] 1#1: worker process 47 exited with code 0
2024/09/09 18:14:34 [notice] 1#1: signal 29 (SIGIO) received
2024/09/09 18:14:34 [notice] 1#1: signal 17 (SIGCHLD) received from 28
2024/09/09 18:14:34 [notice] 1#1: signal 17 (SIGCHLD) received from 41
2024/09/09 18:14:34 [notice] 1#1: worker process 31 exited with code 0
2024/09/09 18:14:34 [notice] 1#1: worker process 35 exited with code 0
2024/09/09 18:14:34 [notice] 1#1: worker process 41 exited with code 0
2024/09/09 18:14:34 [notice] 1#1: exit
2024/09/09 18:14:57 [notice] 1#1: using the "epoll" event method
2024/09/09 18:14:57 [notice] 1#1: nginx/1.27.1
2024/09/09 18:14:57 [notice] 1#1: built by gcc 12.2.0 (Debian 12.2.0-14) 
2024/09/09 18:14:57 [notice] 1#1: OS: Linux 5.15.153.1-microsoft-standard-WSL2
2024/09/09 18:14:57 [notice] 1#1: getrlimit(RLIMIT_NOFILE): 1048576:1048576
2024/09/09 18:14:57 [notice] 1#1: start worker processes
2024/09/09 18:14:57 [notice] 1#1: start worker process 28
2024/09/09 18:14:57 [notice] 1#1: start worker process 29
2024/09/09 18:14:57 [notice] 1#1: start worker process 30
2024/09/09 18:14:57 [notice] 1#1: start worker process 31
2024/09/09 18:14:57 [notice] 1#1: start worker process 32
2024/09/09 18:14:57 [notice] 1#1: start worker process 33
2024/09/09 18:14:57 [notice] 1#1: start worker process 34
2024/09/09 18:14:57 [notice] 1#1: start worker process 35
2024/09/09 18:14:57 [notice] 1#1: start worker process 36
2024/09/09 18:14:57 [notice] 1#1: start worker process 37
2024/09/09 18:14:57 [notice] 1#1: start worker process 38
2024/09/09 18:14:57 [notice] 1#1: start worker process 39
2024/09/09 18:14:57 [notice] 1#1: start worker process 40
2024/09/09 18:14:57 [notice] 1#1: start worker process 41
2024/09/09 18:14:57 [notice] 1#1: start worker process 42
2024/09/09 18:14:57 [notice] 1#1: start worker process 43
2024/09/09 18:14:57 [notice] 1#1: start worker process 44
2024/09/09 18:14:57 [notice] 1#1: start worker process 45
2024/09/09 18:14:57 [notice] 1#1: start worker process 46
2024/09/09 18:14:57 [notice] 1#1: start worker process 47
2024/09/09 18:17:04 [notice] 1#1: using the "epoll" event method
2024/09/09 18:17:04 [notice] 1#1: nginx/1.27.1
2024/09/09 18:17:04 [notice] 1#1: built by gcc 12.2.0 (Debian 12.2.0-14) 
2024/09/09 18:17:04 [notice] 1#1: OS: Linux 5.15.153.1-microsoft-standard-WSL2
2024/09/09 18:17:04 [notice] 1#1: getrlimit(RLIMIT_NOFILE): 1048576:1048576
2024/09/09 18:17:04 [notice] 1#1: start worker processes
2024/09/09 18:17:04 [notice] 1#1: start worker process 28
2024/09/09 18:17:04 [notice] 1#1: start worker process 29
2024/09/09 18:17:04 [notice] 1#1: start worker process 30
2024/09/09 18:17:04 [notice] 1#1: start worker process 31
2024/09/09 18:17:04 [notice] 1#1: start worker process 32
2024/09/09 18:17:04 [notice] 1#1: start worker process 33
2024/09/09 18:17:04 [notice] 1#1: start worker process 34
2024/09/09 18:17:04 [notice] 1#1: start worker process 35
2024/09/09 18:17:04 [notice] 1#1: start worker process 36
2024/09/09 18:17:04 [notice] 1#1: start worker process 37
2024/09/09 18:17:04 [notice] 1#1: start worker process 38
2024/09/09 18:17:04 [notice] 1#1: start worker process 39
2024/09/09 18:17:04 [notice] 1#1: start worker process 40
2024/09/09 18:17:04 [notice] 1#1: start worker process 41
2024/09/09 18:17:04 [notice] 1#1: start worker process 42
2024/09/09 18:17:04 [notice] 1#1: start worker process 43
2024/09/09 18:17:04 [notice] 1#1: start worker process 44
2024/09/09 18:17:04 [notice] 1#1: start worker process 45
2024/09/09 18:17:04 [notice] 1#1: start worker process 46
2024/09/09 18:17:04 [notice] 1#1: start worker process 47
2024/09/09 18:19:01 [notice] 1#1: using the "epoll" event method
2024/09/09 18:19:01 [notice] 1#1: nginx/1.27.1
2024/09/09 18:19:01 [notice] 1#1: built by gcc 12.2.0 (Debian 12.2.0-14) 
2024/09/09 18:19:01 [notice] 1#1: OS: Linux 5.15.153.1-microsoft-standard-WSL2
2024/09/09 18:19:01 [notice] 1#1: getrlimit(RLIMIT_NOFILE): 1048576:1048576
2024/09/09 18:19:01 [notice] 1#1: start worker processes
2024/09/09 18:19:01 [notice] 1#1: start worker process 28
2024/09/09 18:19:01 [notice] 1#1: start worker process 29
2024/09/09 18:19:01 [notice] 1#1: start worker process 30
2024/09/09 18:19:01 [notice] 1#1: start worker process 31
2024/09/09 18:19:01 [notice] 1#1: start worker process 32
2024/09/09 18:19:01 [notice] 1#1: start worker process 33
2024/09/09 18:19:01 [notice] 1#1: start worker process 34
2024/09/09 18:19:01 [notice] 1#1: start worker process 35
2024/09/09 18:19:01 [notice] 1#1: start worker process 36
2024/09/09 18:19:01 [notice] 1#1: start worker process 37
2024/09/09 18:19:01 [notice] 1#1: start worker process 38
2024/09/09 18:19:01 [notice] 1#1: start worker process 39
2024/09/09 18:19:01 [notice] 1#1: start worker process 40
2024/09/09 18:19:01 [notice] 1#1: start worker process 41
2024/09/09 18:19:01 [notice] 1#1: start worker process 42
2024/09/09 18:19:01 [notice] 1#1: start worker process 43
2024/09/09 18:19:01 [notice] 1#1: start worker process 44
2024/09/09 18:19:01 [notice] 1#1: start worker process 45
2024/09/09 18:19:01 [notice] 1#1: start worker process 46
2024/09/09 18:19:01 [notice] 1#1: start worker process 47
2024/09/09 18:22:06 [notice] 1#1: signal 3 (SIGQUIT) received, shutting down
2024/09/09 18:22:06 [notice] 28#28: gracefully shutting down
2024/09/09 18:22:06 [notice] 30#30: gracefully shutting down
2024/09/09 18:22:06 [notice] 31#31: gracefully shutting down
2024/09/09 18:22:06 [notice] 34#34: gracefully shutting down
2024/09/09 18:22:06 [notice] 39#39: gracefully shutting down
2024/09/09 18:22:06 [notice] 35#35: gracefully shutting down
2024/09/09 18:22:06 [notice] 31#31: exiting
2024/09/09 18:22:06 [notice] 29#29: gracefully shutting down
2024/09/09 18:22:06 [notice] 28#28: exiting
2024/09/09 18:22:06 [notice] 41#41: gracefully shutting down
2024/09/09 18:22:06 [notice] 34#34: exiting
2024/09/09 18:22:06 [notice] 33#33: gracefully shutting down
2024/09/09 18:22:06 [notice] 45#45: gracefully shutting down
2024/09/09 18:22:06 [notice] 40#40: gracefully shutting down
2024/09/09 18:22:06 [notice] 43#43: gracefully shutting down
2024/09/09 18:22:06 [notice] 29#29: exiting
2024/09/09 18:22:06 [notice] 36#36: gracefully shutting down
2024/09/09 18:22:06 [notice] 30#30: exiting
2024/09/09 18:22:06 [notice] 42#42: gracefully shutting down
2024/09/09 18:22:06 [notice] 39#39: exiting
2024/09/09 18:22:06 [notice] 43#43: exiting
2024/09/09 18:22:06 [notice] 40#40: exiting
2024/09/09 18:22:06 [notice] 42#42: exiting
2024/09/09 18:22:06 [notice] 44#44: gracefully shutting down
2024/09/09 18:22:06 [notice] 37#37: gracefully shutting down
2024/09/09 18:22:06 [notice] 38#38: gracefully shutting down
2024/09/09 18:22:06 [notice] 47#47: gracefully shutting down
2024/09/09 18:22:06 [notice] 32#32: gracefully shutting down
2024/09/09 18:22:06 [notice] 46#46: gracefully shutting down
2024/09/09 18:22:06 [notice] 41#41: exiting
2024/09/09 18:22:06 [notice] 33#33: exiting
2024/09/09 18:22:06 [notice] 32#32: exiting
2024/09/09 18:22:06 [notice] 35#35: exiting
2024/09/09 18:22:06 [notice] 31#31: exit
2024/09/09 18:22:06 [notice] 45#45: exiting
2024/09/09 18:22:06 [notice] 36#36: exiting
2024/09/09 18:22:06 [notice] 44#44: exiting
2024/09/09 18:22:06 [notice] 47#47: exiting
2024/09/09 18:22:06 [notice] 40#40: exit
2024/09/09 18:22:06 [notice] 28#28: exit
2024/09/09 18:22:06 [notice] 43#43: exit
2024/09/09 18:22:06 [notice] 42#42: exit
2024/09/09 18:22:06 [notice] 39#39: exit
2024/09/09 18:22:06 [notice] 30#30: exit
2024/09/09 18:22:06 [notice] 33#33: exit
2024/09/09 18:22:06 [notice] 41#41: exit
2024/09/09 18:22:06 [notice] 29#29: exit
2024/09/09 18:22:06 [notice] 46#46: exiting
2024/09/09 18:22:06 [notice] 38#38: exiting
2024/09/09 18:22:06 [notice] 37#37: exiting
2024/09/09 18:22:06 [notice] 35#35: exit
2024/09/09 18:22:06 [notice] 45#45: exit
2024/09/09 18:22:06 [notice] 34#34: exit
2024/09/09 18:22:06 [notice] 47#47: exit
2024/09/09 18:22:06 [notice] 44#44: exit
2024/09/09 18:22:06 [notice] 32#32: exit
2024/09/09 18:22:06 [notice] 46#46: exit
2024/09/09 18:22:06 [notice] 36#36: exit
2024/09/09 18:22:06 [notice] 37#37: exit
2024/09/09 18:22:06 [notice] 38#38: exit
2024/09/09 18:22:06 [notice] 1#1: signal 17 (SIGCHLD) received from 43
2024/09/09 18:22:06 [notice] 1#1: worker process 28 exited with code 0
2024/09/09 18:22:06 [notice] 1#1: worker process 29 exited with code 0
2024/09/09 18:22:06 [notice] 1#1: worker process 30 exited with code 0
2024/09/09 18:22:06 [notice] 1#1: worker process 32 exited with code 0
2024/09/09 18:22:06 [notice] 1#1: worker process 33 exited with code 0
2024/09/09 18:22:06 [notice] 1#1: worker process 35 exited with code 0
2024/09/09 18:22:06 [notice] 1#1: worker process 37 exited with code 0
2024/09/09 18:22:06 [notice] 1#1: worker process 38 exited with code 0
2024/09/09 18:22:06 [notice] 1#1: worker process 39 exited with code 0
2024/09/09 18:22:06 [notice] 1#1: worker process 40 exited with code 0
2024/09/09 18:22:06 [notice] 1#1: worker process 41 exited with code 0
2024/09/09 18:22:06 [notice] 1#1: worker process 43 exited with code 0
2024/09/09 18:22:06 [notice] 1#1: worker process 44 exited with code 0
2024/09/09 18:22:06 [notice] 1#1: worker process 45 exited with code 0
2024/09/09 18:22:06 [notice] 1#1: worker process 46 exited with code 0
2024/09/09 18:22:06 [notice] 1#1: worker process 47 exited with code 0
2024/09/09 18:22:06 [notice] 1#1: signal 29 (SIGIO) received
2024/09/09 18:22:06 [notice] 1#1: signal 17 (SIGCHLD) received from 39
2024/09/09 18:22:06 [notice] 1#1: worker process 31 exited with code 0
2024/09/09 18:22:06 [notice] 1#1: signal 29 (SIGIO) received
2024/09/09 18:22:06 [notice] 1#1: signal 17 (SIGCHLD) received from 34
2024/09/09 18:22:06 [notice] 1#1: worker process 34 exited with code 0
2024/09/09 18:22:06 [notice] 1#1: worker process 36 exited with code 0
2024/09/09 18:22:06 [notice] 1#1: signal 17 (SIGCHLD) received from 36
2024/09/09 18:22:06 [notice] 1#1: worker process 42 exited with code 0
2024/09/09 18:22:06 [notice] 1#1: exit
2024/09/09 18:22:53 [notice] 1#1: using the "epoll" event method
2024/09/09 18:22:53 [notice] 1#1: nginx/1.27.1
2024/09/09 18:22:53 [notice] 1#1: built by gcc 12.2.0 (Debian 12.2.0-14) 
2024/09/09 18:22:53 [notice] 1#1: OS: Linux 5.15.153.1-microsoft-standard-WSL2
2024/09/09 18:22:53 [notice] 1#1: getrlimit(RLIMIT_NOFILE): 1048576:1048576
2024/09/09 18:22:53 [notice] 1#1: start worker processes
2024/09/09 18:22:53 [notice] 1#1: start worker process 28
2024/09/09 18:22:53 [notice] 1#1: start worker process 29
2024/09/09 18:22:53 [notice] 1#1: start worker process 30
2024/09/09 18:22:53 [notice] 1#1: start worker process 31
2024/09/09 18:22:53 [notice] 1#1: start worker process 32
2024/09/09 18:22:53 [notice] 1#1: start worker process 33
2024/09/09 18:22:53 [notice] 1#1: start worker process 34
2024/09/09 18:22:53 [notice] 1#1: start worker process 35
2024/09/09 18:22:53 [notice] 1#1: start worker process 36
2024/09/09 18:22:53 [notice] 1#1: start worker process 37
2024/09/09 18:22:53 [notice] 1#1: start worker process 38
2024/09/09 18:22:53 [notice] 1#1: start worker process 39
2024/09/09 18:22:53 [notice] 1#1: start worker process 40
2024/09/09 18:22:53 [notice] 1#1: start worker process 41
2024/09/09 18:22:53 [notice] 1#1: start worker process 42
2024/09/09 18:22:53 [notice] 1#1: start worker process 43
2024/09/09 18:22:53 [notice] 1#1: start worker process 44
2024/09/09 18:22:53 [notice] 1#1: start worker process 45
2024/09/09 18:22:53 [notice] 1#1: start worker process 46
2024/09/09 18:22:53 [notice] 1#1: start worker process 47
2024/09/09 18:25:14 [notice] 1#1: using the "epoll" event method
2024/09/09 18:25:14 [notice] 1#1: nginx/1.27.1
2024/09/09 18:25:14 [notice] 1#1: built by gcc 12.2.0 (Debian 12.2.0-14) 
2024/09/09 18:25:14 [notice] 1#1: OS: Linux 5.15.153.1-microsoft-standard-WSL2
2024/09/09 18:25:14 [notice] 1#1: getrlimit(RLIMIT_NOFILE): 1048576:1048576
2024/09/09 18:25:14 [notice] 1#1: start worker processes
2024/09/09 18:25:14 [notice] 1#1: start worker process 28
2024/09/09 18:25:14 [notice] 1#1: start worker process 29
2024/09/09 18:25:14 [notice] 1#1: start worker process 30
2024/09/09 18:25:14 [notice] 1#1: start worker process 31
2024/09/09 18:25:14 [notice] 1#1: start worker process 32
2024/09/09 18:25:14 [notice] 1#1: start worker process 33
2024/09/09 18:25:14 [notice] 1#1: start worker process 34
2024/09/09 18:25:14 [notice] 1#1: start worker process 35
2024/09/09 18:25:14 [notice] 1#1: start worker process 36
2024/09/09 18:25:14 [notice] 1#1: start worker process 37
2024/09/09 18:25:14 [notice] 1#1: start worker process 38
2024/09/09 18:25:14 [notice] 1#1: start worker process 39
2024/09/09 18:25:14 [notice] 1#1: start worker process 40
2024/09/09 18:25:14 [notice] 1#1: start worker process 41
2024/09/09 18:25:14 [notice] 1#1: start worker process 42
2024/09/09 18:25:14 [notice] 1#1: start worker process 43
2024/09/09 18:25:14 [notice] 1#1: start worker process 44
2024/09/09 18:25:14 [notice] 1#1: start worker process 45
2024/09/09 18:25:14 [notice] 1#1: start worker process 46
2024/09/09 18:25:14 [notice] 1#1: start worker process 47
2024/09/09 18:27:03 [notice] 1#1: using the "epoll" event method
2024/09/09 18:27:03 [notice] 1#1: nginx/1.27.1
2024/09/09 18:27:03 [notice] 1#1: built by gcc 12.2.0 (Debian 12.2.0-14) 
2024/09/09 18:27:03 [notice] 1#1: OS: Linux 5.15.153.1-microsoft-standard-WSL2
2024/09/09 18:27:03 [notice] 1#1: getrlimit(RLIMIT_NOFILE): 1048576:1048576
2024/09/09 18:27:03 [notice] 1#1: start worker processes
2024/09/09 18:27:03 [notice] 1#1: start worker process 28
2024/09/09 18:27:03 [notice] 1#1: start worker process 29
2024/09/09 18:27:03 [notice] 1#1: start worker process 30
2024/09/09 18:27:03 [notice] 1#1: start worker process 31
2024/09/09 18:27:03 [notice] 1#1: start worker process 32
2024/09/09 18:27:03 [notice] 1#1: start worker process 33
2024/09/09 18:27:03 [notice] 1#1: start worker process 34
2024/09/09 18:27:03 [notice] 1#1: start worker process 35
2024/09/09 18:27:03 [notice] 1#1: start worker process 36
2024/09/09 18:27:03 [notice] 1#1: start worker process 37
2024/09/09 18:27:03 [notice] 1#1: start worker process 38
2024/09/09 18:27:03 [notice] 1#1: start worker process 39
2024/09/09 18:27:03 [notice] 1#1: start worker process 40
2024/09/09 18:27:03 [notice] 1#1: start worker process 41
2024/09/09 18:27:03 [notice] 1#1: start worker process 42
2024/09/09 18:27:03 [notice] 1#1: start worker process 43
2024/09/09 18:27:03 [notice] 1#1: start worker process 44
2024/09/09 18:27:03 [notice] 1#1: start worker process 45
2024/09/09 18:27:03 [notice] 1#1: start worker process 46
2024/09/09 18:27:03 [notice] 1#1: start worker process 47
2024/09/09 18:28:04 [notice] 1#1: signal 3 (SIGQUIT) received, shutting down
2024/09/09 18:28:04 [notice] 30#30: gracefully shutting down
2024/09/09 18:28:04 [notice] 29#29: gracefully shutting down
2024/09/09 18:28:04 [notice] 36#36: gracefully shutting down
2024/09/09 18:28:04 [notice] 32#32: gracefully shutting down
2024/09/09 18:28:04 [notice] 31#31: gracefully shutting down
2024/09/09 18:28:04 [notice] 35#35: gracefully shutting down
2024/09/09 18:28:04 [notice] 34#34: gracefully shutting down
2024/09/09 18:28:04 [notice] 28#28: gracefully shutting down
2024/09/09 18:28:04 [notice] 33#33: gracefully shutting down
2024/09/09 18:28:04 [notice] 29#29: exiting
2024/09/09 18:28:04 [notice] 37#37: gracefully shutting down
2024/09/09 18:28:04 [notice] 39#39: gracefully shutting down
2024/09/09 18:28:04 [notice] 38#38: gracefully shutting down
2024/09/09 18:28:04 [notice] 41#41: gracefully shutting down
2024/09/09 18:28:04 [notice] 43#43: gracefully shutting down
2024/09/09 18:28:04 [notice] 40#40: gracefully shutting down
2024/09/09 18:28:04 [notice] 30#30: exiting
2024/09/09 18:28:04 [notice] 45#45: gracefully shutting down
2024/09/09 18:28:04 [notice] 42#42: gracefully shutting down
2024/09/09 18:28:04 [notice] 32#32: exiting
2024/09/09 18:28:04 [notice] 46#46: gracefully shutting down
2024/09/09 18:28:04 [notice] 44#44: gracefully shutting down
2024/09/09 18:28:04 [notice] 47#47: gracefully shutting down
2024/09/09 18:28:04 [notice] 36#36: exiting
2024/09/09 18:28:04 [notice] 35#35: exiting
2024/09/09 18:28:04 [notice] 31#31: exiting
2024/09/09 18:28:04 [notice] 39#39: exiting
2024/09/09 18:28:04 [notice] 28#28: exiting
2024/09/09 18:28:04 [notice] 29#29: exit
2024/09/09 18:28:04 [notice] 37#37: exiting
2024/09/09 18:28:04 [notice] 33#33: exiting
2024/09/09 18:28:04 [notice] 34#34: exiting
2024/09/09 18:28:04 [notice] 38#38: exiting
2024/09/09 18:28:04 [notice] 40#40: exiting
2024/09/09 18:28:04 [notice] 45#45: exiting
2024/09/09 18:28:04 [notice] 30#30: exit
2024/09/09 18:28:04 [notice] 36#36: exit
2024/09/09 18:28:04 [notice] 32#32: exit
2024/09/09 18:28:04 [notice] 31#31: exit
2024/09/09 18:28:04 [notice] 40#40: exit
2024/09/09 18:28:04 [notice] 39#39: exit
2024/09/09 18:28:04 [notice] 44#44: exiting
2024/09/09 18:28:04 [notice] 35#35: exit
2024/09/09 18:28:04 [notice] 47#47: exiting
2024/09/09 18:28:04 [notice] 28#28: exit
2024/09/09 18:28:04 [notice] 37#37: exit
2024/09/09 18:28:04 [notice] 42#42: exiting
2024/09/09 18:28:04 [notice] 34#34: exit
2024/09/09 18:28:04 [notice] 38#38: exit
2024/09/09 18:28:04 [notice] 43#43: exiting
2024/09/09 18:28:04 [notice] 45#45: exit
2024/09/09 18:28:04 [notice] 43#43: exit
2024/09/09 18:28:04 [notice] 41#41: exiting
2024/09/09 18:28:04 [notice] 33#33: exit
2024/09/09 18:28:04 [notice] 46#46: exiting
2024/09/09 18:28:04 [notice] 44#44: exit
2024/09/09 18:28:04 [notice] 42#42: exit
2024/09/09 18:28:04 [notice] 47#47: exit
2024/09/09 18:28:04 [notice] 41#41: exit
2024/09/09 18:28:04 [notice] 46#46: exit
2024/09/09 18:28:04 [notice] 1#1: signal 17 (SIGCHLD) received from 46
2024/09/09 18:28:04 [notice] 1#1: worker process 46 exited with code 0
2024/09/09 18:28:04 [notice] 1#1: signal 29 (SIGIO) received
2024/09/09 18:28:04 [notice] 1#1: signal 17 (SIGCHLD) received from 47
2024/09/09 18:28:04 [notice] 1#1: worker process 41 exited with code 0
2024/09/09 18:28:04 [notice] 1#1: worker process 43 exited with code 0
2024/09/09 18:28:04 [notice] 1#1: worker process 28 exited with code 0
2024/09/09 18:28:04 [notice] 1#1: worker process 29 exited with code 0
2024/09/09 18:28:04 [notice] 1#1: worker process 30 exited with code 0
2024/09/09 18:28:04 [notice] 1#1: worker process 32 exited with code 0
2024/09/09 18:28:04 [notice] 1#1: worker process 33 exited with code 0
2024/09/09 18:28:04 [notice] 1#1: worker process 34 exited with code 0
2024/09/09 18:28:04 [notice] 1#1: worker process 35 exited with code 0
2024/09/09 18:28:04 [notice] 1#1: worker process 36 exited with code 0
2024/09/09 18:28:04 [notice] 1#1: worker process 38 exited with code 0
2024/09/09 18:28:04 [notice] 1#1: worker process 40 exited with code 0
2024/09/09 18:28:04 [notice] 1#1: worker process 42 exited with code 0
2024/09/09 18:28:04 [notice] 1#1: worker process 47 exited with code 0
2024/09/09 18:28:04 [notice] 1#1: signal 29 (SIGIO) received
2024/09/09 18:28:04 [notice] 1#1: signal 17 (SIGCHLD) received from 43
2024/09/09 18:28:04 [notice] 1#1: signal 17 (SIGCHLD) received from 44
2024/09/09 18:28:04 [notice] 1#1: worker process 44 exited with code 0
2024/09/09 18:28:04 [notice] 1#1: signal 29 (SIGIO) received
2024/09/09 18:28:04 [notice] 1#1: signal 17 (SIGCHLD) received from 45
2024/09/09 18:28:04 [notice] 1#1: worker process 45 exited with code 0
2024/09/09 18:28:04 [notice] 1#1: signal 29 (SIGIO) received
2024/09/09 18:28:04 [notice] 1#1: signal 17 (SIGCHLD) received from 31
2024/09/09 18:28:04 [notice] 1#1: worker process 31 exited with code 0
2024/09/09 18:28:04 [notice] 1#1: worker process 37 exited with code 0
2024/09/09 18:28:04 [notice] 1#1: worker process 39 exited with code 0
2024/09/09 18:28:04 [notice] 1#1: exit
2024/09/09 18:28:16 [notice] 1#1: using the "epoll" event method
2024/09/09 18:28:16 [notice] 1#1: nginx/1.27.1
2024/09/09 18:28:16 [notice] 1#1: built by gcc 12.2.0 (Debian 12.2.0-14) 
2024/09/09 18:28:16 [notice] 1#1: OS: Linux 5.15.153.1-microsoft-standard-WSL2
2024/09/09 18:28:16 [notice] 1#1: getrlimit(RLIMIT_NOFILE): 1048576:1048576
2024/09/09 18:28:16 [notice] 1#1: start worker processes
2024/09/09 18:28:16 [notice] 1#1: start worker process 28
2024/09/09 18:28:16 [notice] 1#1: start worker process 29
2024/09/09 18:28:16 [notice] 1#1: start worker process 30
2024/09/09 18:28:16 [notice] 1#1: start worker process 31
2024/09/09 18:28:16 [notice] 1#1: start worker process 32
2024/09/09 18:28:16 [notice] 1#1: start worker process 33
2024/09/09 18:28:16 [notice] 1#1: start worker process 34
2024/09/09 18:28:16 [notice] 1#1: start worker process 35
2024/09/09 18:28:16 [notice] 1#1: start worker process 36
2024/09/09 18:28:16 [notice] 1#1: start worker process 37
2024/09/09 18:28:16 [notice] 1#1: start worker process 38
2024/09/09 18:28:16 [notice] 1#1: start worker process 39
2024/09/09 18:28:16 [notice] 1#1: start worker process 40
2024/09/09 18:28:16 [notice] 1#1: start worker process 41
2024/09/09 18:28:16 [notice] 1#1: start worker process 42
2024/09/09 18:28:16 [notice] 1#1: start worker process 43
2024/09/09 18:28:16 [notice] 1#1: start worker process 44
2024/09/09 18:28:16 [notice] 1#1: start worker process 45
2024/09/09 18:28:16 [notice] 1#1: start worker process 46
2024/09/09 18:28:16 [notice] 1#1: start worker process 47
2024/09/09 18:29:31 [notice] 1#1: using the "epoll" event method
2024/09/09 18:29:31 [notice] 1#1: nginx/1.27.1
2024/09/09 18:29:31 [notice] 1#1: built by gcc 12.2.0 (Debian 12.2.0-14) 
2024/09/09 18:29:31 [notice] 1#1: OS: Linux 5.15.153.1-microsoft-standard-WSL2
2024/09/09 18:29:31 [notice] 1#1: getrlimit(RLIMIT_NOFILE): 1048576:1048576
2024/09/09 18:29:31 [notice] 1#1: start worker processes
2024/09/09 18:29:31 [notice] 1#1: start worker process 28
2024/09/09 18:29:31 [notice] 1#1: start worker process 29
2024/09/09 18:29:31 [notice] 1#1: start worker process 30
2024/09/09 18:29:31 [notice] 1#1: start worker process 31
2024/09/09 18:29:31 [notice] 1#1: start worker process 32
2024/09/09 18:29:31 [notice] 1#1: start worker process 33
2024/09/09 18:29:31 [notice] 1#1: start worker process 34
2024/09/09 18:29:31 [notice] 1#1: start worker process 35
2024/09/09 18:29:31 [notice] 1#1: start worker process 36
2024/09/09 18:29:31 [notice] 1#1: start worker process 37
2024/09/09 18:29:31 [notice] 1#1: start worker process 38
2024/09/09 18:29:31 [notice] 1#1: start worker process 39
2024/09/09 18:29:31 [notice] 1#1: start worker process 40
2024/09/09 18:29:31 [notice] 1#1: start worker process 41
2024/09/09 18:29:31 [notice] 1#1: start worker process 42
2024/09/09 18:29:31 [notice] 1#1: start worker process 43
2024/09/09 18:29:31 [notice] 1#1: start worker process 44
2024/09/09 18:29:31 [notice] 1#1: start worker process 45
2024/09/09 18:29:31 [notice] 1#1: start worker process 46
2024/09/09 18:29:31 [notice] 1#1: start worker process 47
2024/09/09 18:32:35 [notice] 1#1: using the "epoll" event method
2024/09/09 18:32:35 [notice] 1#1: nginx/1.27.1
2024/09/09 18:32:35 [notice] 1#1: built by gcc 12.2.0 (Debian 12.2.0-14) 
2024/09/09 18:32:35 [notice] 1#1: OS: Linux 5.15.153.1-microsoft-standard-WSL2
2024/09/09 18:32:35 [notice] 1#1: getrlimit(RLIMIT_NOFILE): 1048576:1048576
2024/09/09 18:32:35 [notice] 1#1: start worker processes
2024/09/09 18:32:35 [notice] 1#1: start worker process 28
2024/09/09 18:32:35 [notice] 1#1: start worker process 29
2024/09/09 18:32:35 [notice] 1#1: start worker process 30
2024/09/09 18:32:35 [notice] 1#1: start worker process 31
2024/09/09 18:32:35 [notice] 1#1: start worker process 32
2024/09/09 18:32:35 [notice] 1#1: start worker process 33
2024/09/09 18:32:35 [notice] 1#1: start worker process 34
2024/09/09 18:32:35 [notice] 1#1: start worker process 35
2024/09/09 18:32:35 [notice] 1#1: start worker process 36
2024/09/09 18:32:35 [notice] 1#1: start worker process 37
2024/09/09 18:32:35 [notice] 1#1: start worker process 38
2024/09/09 18:32:35 [notice] 1#1: start worker process 39
2024/09/09 18:32:35 [notice] 1#1: start worker process 40
2024/09/09 18:32:35 [notice] 1#1: start worker process 41
2024/09/09 18:32:35 [notice] 1#1: start worker process 42
2024/09/09 18:32:35 [notice] 1#1: start worker process 43
2024/09/09 18:32:35 [notice] 1#1: start worker process 44
2024/09/09 18:32:35 [notice] 1#1: start worker process 45
2024/09/09 18:32:35 [notice] 1#1: start worker process 46
2024/09/09 18:32:35 [notice] 1#1: start worker process 47
2024/09/09 18:36:21 [notice] 1#1: signal 3 (SIGQUIT) received, shutting down
2024/09/09 18:36:21 [notice] 28#28: gracefully shutting down
2024/09/09 18:36:21 [notice] 30#30: gracefully shutting down
2024/09/09 18:36:21 [notice] 32#32: gracefully shutting down
2024/09/09 18:36:21 [notice] 34#34: gracefully shutting down
2024/09/09 18:36:21 [notice] 35#35: gracefully shutting down
2024/09/09 18:36:21 [notice] 38#38: gracefully shutting down
2024/09/09 18:36:21 [notice] 37#37: gracefully shutting down
2024/09/09 18:36:21 [notice] 29#29: gracefully shutting down
2024/09/09 18:36:21 [notice] 31#31: gracefully shutting down
2024/09/09 18:36:21 [notice] 39#39: gracefully shutting down
2024/09/09 18:36:21 [notice] 40#40: gracefully shutting down
2024/09/09 18:36:21 [notice] 41#41: gracefully shutting down
2024/09/09 18:36:21 [notice] 33#33: gracefully shutting down
2024/09/09 18:36:21 [notice] 36#36: gracefully shutting down
2024/09/09 18:36:21 [notice] 44#44: gracefully shutting down
2024/09/09 18:36:21 [notice] 42#42: gracefully shutting down
2024/09/09 18:36:21 [notice] 45#45: gracefully shutting down
2024/09/09 18:36:21 [notice] 46#46: gracefully shutting down
2024/09/09 18:36:21 [notice] 30#30: exiting
2024/09/09 18:36:21 [notice] 43#43: gracefully shutting down
2024/09/09 18:36:21 [notice] 47#47: gracefully shutting down
2024/09/09 18:36:21 [notice] 38#38: exiting
2024/09/09 18:36:21 [notice] 35#35: exiting
2024/09/09 18:36:21 [notice] 28#28: exiting
2024/09/09 18:36:21 [notice] 46#46: exiting
2024/09/09 18:36:21 [notice] 30#30: exit
2024/09/09 18:36:21 [notice] 34#34: exiting
2024/09/09 18:36:21 [notice] 31#31: exiting
2024/09/09 18:36:21 [notice] 32#32: exiting
2024/09/09 18:36:21 [notice] 37#37: exiting
2024/09/09 18:36:21 [notice] 29#29: exiting
2024/09/09 18:36:21 [notice] 33#33: exiting
2024/09/09 18:36:21 [notice] 31#31: exit
2024/09/09 18:36:21 [notice] 40#40: exiting
2024/09/09 18:36:21 [notice] 41#41: exiting
2024/09/09 18:36:21 [notice] 42#42: exiting
2024/09/09 18:36:21 [notice] 39#39: exiting
2024/09/09 18:36:21 [notice] 45#45: exiting
2024/09/09 18:36:21 [notice] 47#47: exiting
2024/09/09 18:36:21 [notice] 44#44: exiting
2024/09/09 18:36:21 [notice] 36#36: exiting
2024/09/09 18:36:21 [notice] 28#28: exit
2024/09/09 18:36:21 [notice] 47#47: exit
2024/09/09 18:36:21 [notice] 35#35: exit
2024/09/09 18:36:21 [notice] 38#38: exit
2024/09/09 18:36:21 [notice] 34#34: exit
2024/09/09 18:36:21 [notice] 33#33: exit
2024/09/09 18:36:21 [notice] 46#46: exit
2024/09/09 18:36:21 [notice] 43#43: exiting
2024/09/09 18:36:21 [notice] 29#29: exit
2024/09/09 18:36:21 [notice] 32#32: exit
2024/09/09 18:36:21 [notice] 37#37: exit
2024/09/09 18:36:21 [notice] 40#40: exit
2024/09/09 18:36:21 [notice] 41#41: exit
2024/09/09 18:36:21 [notice] 42#42: exit
2024/09/09 18:36:21 [notice] 45#45: exit
2024/09/09 18:36:21 [notice] 39#39: exit
2024/09/09 18:36:21 [notice] 44#44: exit
2024/09/09 18:36:21 [notice] 36#36: exit
2024/09/09 18:36:21 [notice] 43#43: exit
2024/09/09 18:36:21 [notice] 1#1: signal 17 (SIGCHLD) received from 41
2024/09/09 18:36:21 [notice] 1#1: worker process 31 exited with code 0
2024/09/09 18:36:21 [notice] 1#1: worker process 34 exited with code 0
2024/09/09 18:36:21 [notice] 1#1: worker process 36 exited with code 0
2024/09/09 18:36:21 [notice] 1#1: worker process 37 exited with code 0
2024/09/09 18:36:21 [notice] 1#1: worker process 41 exited with code 0
2024/09/09 18:36:21 [notice] 1#1: worker process 42 exited with code 0
2024/09/09 18:36:21 [notice] 1#1: worker process 47 exited with code 0
2024/09/09 18:36:21 [notice] 1#1: signal 29 (SIGIO) received
2024/09/09 18:36:21 [notice] 1#1: signal 17 (SIGCHLD) received from 31
2024/09/09 18:36:21 [notice] 1#1: signal 17 (SIGCHLD) received from 45
2024/09/09 18:36:21 [notice] 1#1: worker process 28 exited with code 0
2024/09/09 18:36:21 [notice] 1#1: worker process 29 exited with code 0
2024/09/09 18:36:21 [notice] 1#1: worker process 30 exited with code 0
2024/09/09 18:36:21 [notice] 1#1: worker process 32 exited with code 0
2024/09/09 18:36:21 [notice] 1#1: worker process 33 exited with code 0
2024/09/09 18:36:21 [notice] 1#1: worker process 35 exited with code 0
2024/09/09 18:36:21 [notice] 1#1: worker process 38 exited with code 0
2024/09/09 18:36:21 [notice] 1#1: worker process 39 exited with code 0
2024/09/09 18:36:21 [notice] 1#1: worker process 40 exited with code 0
2024/09/09 18:36:21 [notice] 1#1: worker process 43 exited with code 0
2024/09/09 18:36:21 [notice] 1#1: worker process 44 exited with code 0
2024/09/09 18:36:21 [notice] 1#1: worker process 45 exited with code 0
2024/09/09 18:36:21 [notice] 1#1: worker process 46 exited with code 0
2024/09/09 18:36:21 [notice] 1#1: exit
2024/09/09 18:36:38 [notice] 1#1: using the "epoll" event method
2024/09/09 18:36:38 [notice] 1#1: nginx/1.27.1
2024/09/09 18:36:38 [notice] 1#1: built by gcc 12.2.0 (Debian 12.2.0-14) 
2024/09/09 18:36:38 [notice] 1#1: OS: Linux 5.15.153.1-microsoft-standard-WSL2
2024/09/09 18:36:38 [notice] 1#1: getrlimit(RLIMIT_NOFILE): 1048576:1048576
2024/09/09 18:36:38 [notice] 1#1: start worker processes
2024/09/09 18:36:38 [notice] 1#1: start worker process 28
2024/09/09 18:36:38 [notice] 1#1: start worker process 29
2024/09/09 18:36:38 [notice] 1#1: start worker process 30
2024/09/09 18:36:38 [notice] 1#1: start worker process 31
2024/09/09 18:36:38 [notice] 1#1: start worker process 32
2024/09/09 18:36:38 [notice] 1#1: start worker process 33
2024/09/09 18:36:38 [notice] 1#1: start worker process 34
2024/09/09 18:36:38 [notice] 1#1: start worker process 35
2024/09/09 18:36:38 [notice] 1#1: start worker process 36
2024/09/09 18:36:38 [notice] 1#1: start worker process 37
2024/09/09 18:36:38 [notice] 1#1: start worker process 38
2024/09/09 18:36:38 [notice] 1#1: start worker process 39
2024/09/09 18:36:38 [notice] 1#1: start worker process 40
2024/09/09 18:36:38 [notice] 1#1: start worker process 41
2024/09/09 18:36:38 [notice] 1#1: start worker process 42
2024/09/09 18:36:38 [notice] 1#1: start worker process 43
2024/09/09 18:36:38 [notice] 1#1: start worker process 44
2024/09/09 18:36:38 [notice] 1#1: start worker process 45
2024/09/09 18:36:38 [notice] 1#1: start worker process 46
2024/09/09 18:36:38 [notice] 1#1: start worker process 47
2024/09/09 18:39:43 [notice] 1#1: using the "epoll" event method
2024/09/09 18:39:43 [notice] 1#1: nginx/1.27.1
2024/09/09 18:39:43 [notice] 1#1: built by gcc 12.2.0 (Debian 12.2.0-14) 
2024/09/09 18:39:43 [notice] 1#1: OS: Linux 5.15.153.1-microsoft-standard-WSL2
2024/09/09 18:39:43 [notice] 1#1: getrlimit(RLIMIT_NOFILE): 1048576:1048576
2024/09/09 18:39:43 [notice] 1#1: start worker processes
2024/09/09 18:39:43 [notice] 1#1: start worker process 28
2024/09/09 18:39:43 [notice] 1#1: start worker process 29
2024/09/09 18:39:43 [notice] 1#1: start worker process 30
2024/09/09 18:39:43 [notice] 1#1: start worker process 31
2024/09/09 18:39:43 [notice] 1#1: start worker process 32
2024/09/09 18:39:43 [notice] 1#1: start worker process 33
2024/09/09 18:39:43 [notice] 1#1: start worker process 34
2024/09/09 18:39:43 [notice] 1#1: start worker process 35
2024/09/09 18:39:43 [notice] 1#1: start worker process 36
2024/09/09 18:39:43 [notice] 1#1: start worker process 37
2024/09/09 18:39:43 [notice] 1#1: start worker process 38
2024/09/09 18:39:43 [notice] 1#1: start worker process 39
2024/09/09 18:39:43 [notice] 1#1: start worker process 40
2024/09/09 18:39:43 [notice] 1#1: start worker process 41
2024/09/09 18:39:43 [notice] 1#1: start worker process 42
2024/09/09 18:39:43 [notice] 1#1: start worker process 43
2024/09/09 18:39:43 [notice] 1#1: start worker process 44
2024/09/09 18:39:43 [notice] 1#1: start worker process 45
2024/09/09 18:39:43 [notice] 1#1: start worker process 46
2024/09/09 18:39:43 [notice] 1#1: start worker process 47
2024/09/09 18:42:20 [notice] 1#1: signal 3 (SIGQUIT) received, shutting down
2024/09/09 18:42:20 [notice] 32#32: gracefully shutting down
2024/09/09 18:42:20 [notice] 40#40: gracefully shutting down
2024/09/09 18:42:20 [notice] 43#43: gracefully shutting down
2024/09/09 18:42:20 [notice] 45#45: gracefully shutting down
2024/09/09 18:42:20 [notice] 44#44: gracefully shutting down
2024/09/09 18:42:20 [notice] 42#42: gracefully shutting down
2024/09/09 18:42:20 [notice] 35#35: gracefully shutting down
2024/09/09 18:42:20 [notice] 38#38: gracefully shutting down
2024/09/09 18:42:20 [notice] 37#37: gracefully shutting down
2024/09/09 18:42:20 [notice] 39#39: gracefully shutting down
2024/09/09 18:42:20 [notice] 34#34: gracefully shutting down
2024/09/09 18:42:20 [notice] 41#41: gracefully shutting down
2024/09/09 18:42:20 [notice] 36#36: gracefully shutting down
2024/09/09 18:42:20 [notice] 29#29: gracefully shutting down
2024/09/09 18:42:20 [notice] 28#28: gracefully shutting down
2024/09/09 18:42:20 [notice] 31#31: gracefully shutting down
2024/09/09 18:42:20 [notice] 33#33: gracefully shutting down
2024/09/09 18:42:20 [notice] 30#30: gracefully shutting down
2024/09/09 18:42:20 [notice] 46#46: gracefully shutting down
2024/09/09 18:42:20 [notice] 39#39: exiting
2024/09/09 18:42:20 [notice] 47#47: gracefully shutting down
2024/09/09 18:42:20 [notice] 42#42: exiting
2024/09/09 18:42:20 [notice] 40#40: exiting
2024/09/09 18:42:20 [notice] 43#43: exiting
2024/09/09 18:42:20 [notice] 32#32: exiting
2024/09/09 18:42:20 [notice] 44#44: exiting
2024/09/09 18:42:20 [notice] 45#45: exiting
2024/09/09 18:42:20 [notice] 35#35: exiting
2024/09/09 18:42:20 [notice] 38#38: exiting
2024/09/09 18:42:20 [notice] 34#34: exiting
2024/09/09 18:42:20 [notice] 36#36: exiting
2024/09/09 18:42:20 [notice] 41#41: exiting
2024/09/09 18:42:20 [notice] 37#37: exiting
2024/09/09 18:42:20 [notice] 29#29: exiting
2024/09/09 18:42:20 [notice] 33#33: exiting
2024/09/09 18:42:20 [notice] 47#47: exiting
2024/09/09 18:42:20 [notice] 28#28: exiting
2024/09/09 18:42:20 [notice] 46#46: exiting
2024/09/09 18:42:20 [notice] 30#30: exiting
2024/09/09 18:42:20 [notice] 31#31: exiting
2024/09/09 18:42:20 [notice] 45#45: exit
2024/09/09 18:42:20 [notice] 40#40: exit
2024/09/09 18:42:20 [notice] 34#34: exit
2024/09/09 18:42:20 [notice] 43#43: exit
2024/09/09 18:42:20 [notice] 44#44: exit
2024/09/09 18:42:20 [notice] 36#36: exit
2024/09/09 18:42:20 [notice] 42#42: exit
2024/09/09 18:42:20 [notice] 39#39: exit
2024/09/09 18:42:20 [notice] 30#30: exit
2024/09/09 18:42:20 [notice] 37#37: exit
2024/09/09 18:42:20 [notice] 35#35: exit
2024/09/09 18:42:20 [notice] 46#46: exit
2024/09/09 18:42:20 [notice] 32#32: exit
2024/09/09 18:42:20 [notice] 41#41: exit
2024/09/09 18:42:20 [notice] 29#29: exit
2024/09/09 18:42:20 [notice] 38#38: exit
2024/09/09 18:42:20 [notice] 47#47: exit
2024/09/09 18:42:20 [notice] 31#31: exit
2024/09/09 18:42:20 [notice] 28#28: exit
2024/09/09 18:42:20 [notice] 33#33: exit
2024/09/09 18:42:20 [notice] 1#1: signal 17 (SIGCHLD) received from 39
2024/09/09 18:42:20 [notice] 1#1: worker process 36 exited with code 0
2024/09/09 18:42:20 [notice] 1#1: worker process 39 exited with code 0
2024/09/09 18:42:20 [notice] 1#1: signal 29 (SIGIO) received
2024/09/09 18:42:20 [notice] 1#1: signal 17 (SIGCHLD) received from 36
2024/09/09 18:42:20 [notice] 1#1: signal 17 (SIGCHLD) received from 35
2024/09/09 18:42:20 [notice] 1#1: worker process 31 exited with code 0
2024/09/09 18:42:20 [notice] 1#1: worker process 32 exited with code 0
2024/09/09 18:42:20 [notice] 1#1: worker process 29 exited with code 0
2024/09/09 18:42:20 [notice] 1#1: worker process 35 exited with code 0
2024/09/09 18:42:20 [notice] 1#1: worker process 37 exited with code 0
2024/09/09 18:42:20 [notice] 1#1: worker process 38 exited with code 0
2024/09/09 18:42:20 [notice] 1#1: worker process 40 exited with code 0
2024/09/09 18:42:20 [notice] 1#1: worker process 41 exited with code 0
2024/09/09 18:42:20 [notice] 1#1: worker process 44 exited with code 0
2024/09/09 18:42:20 [notice] 1#1: signal 29 (SIGIO) received
2024/09/09 18:42:20 [notice] 1#1: signal 17 (SIGCHLD) received from 41
2024/09/09 18:42:20 [notice] 1#1: worker process 28 exited with code 0
2024/09/09 18:42:20 [notice] 1#1: worker process 33 exited with code 0
2024/09/09 18:42:20 [notice] 1#1: worker process 34 exited with code 0
2024/09/09 18:42:20 [notice] 1#1: worker process 42 exited with code 0
2024/09/09 18:42:20 [notice] 1#1: worker process 43 exited with code 0
2024/09/09 18:42:20 [notice] 1#1: worker process 45 exited with code 0
2024/09/09 18:42:20 [notice] 1#1: worker process 46 exited with code 0
2024/09/09 18:42:20 [notice] 1#1: worker process 47 exited with code 0
2024/09/09 18:42:20 [notice] 1#1: signal 29 (SIGIO) received
2024/09/09 18:42:20 [notice] 1#1: signal 17 (SIGCHLD) received from 46
2024/09/09 18:42:20 [notice] 1#1: signal 17 (SIGCHLD) received from 30
2024/09/09 18:42:20 [notice] 1#1: worker process 30 exited with code 0
2024/09/09 18:42:20 [notice] 1#1: exit
2024/09/09 18:42:23 [emerg] 1#1: "server_name" directive is not allowed here in /etc/nginx/conf.d/default.conf:89
2024/09/09 18:42:24 [emerg] 1#1: "server_name" directive is not allowed here in /etc/nginx/conf.d/default.conf:89
2024/09/09 18:42:25 [emerg] 1#1: "server_name" directive is not allowed here in /etc/nginx/conf.d/default.conf:89
2024/09/09 18:42:26 [emerg] 1#1: "server_name" directive is not allowed here in /etc/nginx/conf.d/default.conf:89
2024/09/09 18:42:27 [emerg] 1#1: "server_name" directive is not allowed here in /etc/nginx/conf.d/default.conf:89
2024/09/09 18:42:29 [emerg] 1#1: "server_name" directive is not allowed here in /etc/nginx/conf.d/default.conf:89
2024/09/09 18:42:33 [emerg] 1#1: "server_name" directive is not allowed here in /etc/nginx/conf.d/default.conf:89
2024/09/09 18:43:11 [emerg] 1#1: "server_name" directive is not allowed here in /etc/nginx/conf.d/default.conf:89
2024/09/09 18:43:13 [emerg] 1#1: "server_name" directive is not allowed here in /etc/nginx/conf.d/default.conf:89
2024/09/09 18:43:14 [emerg] 1#1: "server_name" directive is not allowed here in /etc/nginx/conf.d/default.conf:89
2024/09/09 18:43:15 [emerg] 1#1: "server_name" directive is not allowed here in /etc/nginx/conf.d/default.conf:89
2024/09/09 18:43:16 [emerg] 1#1: "server_name" directive is not allowed here in /etc/nginx/conf.d/default.conf:89
2024/09/09 18:43:18 [emerg] 1#1: "server_name" directive is not allowed here in /etc/nginx/conf.d/default.conf:89
2024/09/09 18:43:51 [emerg] 1#1: "server_name" directive is not allowed here in /etc/nginx/conf.d/default.conf:89
2024/09/09 18:43:52 [emerg] 1#1: "server_name" directive is not allowed here in /etc/nginx/conf.d/default.conf:89
2024/09/09 18:43:53 [emerg] 1#1: "server_name" directive is not allowed here in /etc/nginx/conf.d/default.conf:89
2024/09/09 18:43:54 [emerg] 1#1: "server_name" directive is not allowed here in /etc/nginx/conf.d/default.conf:89
2024/09/09 18:43:55 [emerg] 1#1: "server_name" directive is not allowed here in /etc/nginx/conf.d/default.conf:89
2024/09/09 18:43:58 [emerg] 1#1: "server_name" directive is not allowed here in /etc/nginx/conf.d/default.conf:89
2024/09/09 18:44:01 [emerg] 1#1: "server_name" directive is not allowed here in /etc/nginx/conf.d/default.conf:89
2024/09/09 18:44:09 [emerg] 1#1: "server_name" directive is not allowed here in /etc/nginx/conf.d/default.conf:89
2024/09/09 18:44:34 [emerg] 1#1: "server_name" directive is not allowed here in /etc/nginx/conf.d/default.conf:89
2024/09/09 18:44:35 [emerg] 1#1: "server_name" directive is not allowed here in /etc/nginx/conf.d/default.conf:89
2024/09/09 18:44:36 [emerg] 1#1: "server_name" directive is not allowed here in /etc/nginx/conf.d/default.conf:89
2024/09/09 18:44:37 [emerg] 1#1: "server_name" directive is not allowed here in /etc/nginx/conf.d/default.conf:89
2024/09/09 18:44:39 [emerg] 1#1: "server_name" directive is not allowed here in /etc/nginx/conf.d/default.conf:89
2024/09/09 18:44:41 [emerg] 1#1: "server_name" directive is not allowed here in /etc/nginx/conf.d/default.conf:89
2024/09/09 18:44:46 [emerg] 1#1: "server_name" directive is not allowed here in /etc/nginx/conf.d/default.conf:89
2024/09/09 18:44:54 [emerg] 1#1: "server_name" directive is not allowed here in /etc/nginx/conf.d/default.conf:89
2024/09/09 18:45:08 [notice] 1#1: using the "epoll" event method
2024/09/09 18:45:08 [notice] 1#1: nginx/1.27.1
2024/09/09 18:45:08 [notice] 1#1: built by gcc 12.2.0 (Debian 12.2.0-14) 
2024/09/09 18:45:08 [notice] 1#1: OS: Linux 5.15.153.1-microsoft-standard-WSL2
2024/09/09 18:45:08 [notice] 1#1: getrlimit(RLIMIT_NOFILE): 1048576:1048576
2024/09/09 18:45:08 [notice] 1#1: start worker processes
2024/09/09 18:45:08 [notice] 1#1: start worker process 28
2024/09/09 18:45:08 [notice] 1#1: start worker process 29
2024/09/09 18:45:08 [notice] 1#1: start worker process 30
2024/09/09 18:45:08 [notice] 1#1: start worker process 31
2024/09/09 18:45:08 [notice] 1#1: start worker process 32
2024/09/09 18:45:08 [notice] 1#1: start worker process 33
2024/09/09 18:45:08 [notice] 1#1: start worker process 34
2024/09/09 18:45:08 [notice] 1#1: start worker process 35
2024/09/09 18:45:08 [notice] 1#1: start worker process 36
2024/09/09 18:45:08 [notice] 1#1: start worker process 37
2024/09/09 18:45:08 [notice] 1#1: start worker process 38
2024/09/09 18:45:08 [notice] 1#1: start worker process 39
2024/09/09 18:45:08 [notice] 1#1: start worker process 40
2024/09/09 18:45:08 [notice] 1#1: start worker process 41
2024/09/09 18:45:08 [notice] 1#1: start worker process 42
2024/09/09 18:45:08 [notice] 1#1: start worker process 43
2024/09/09 18:45:08 [notice] 1#1: start worker process 44
2024/09/09 18:45:08 [notice] 1#1: start worker process 45
2024/09/09 18:45:08 [notice] 1#1: start worker process 46
2024/09/09 18:45:08 [notice] 1#1: start worker process 47
2024/09/09 18:48:15 [notice] 1#1: signal 3 (SIGQUIT) received, shutting down
2024/09/09 18:48:15 [notice] 28#28: gracefully shutting down
2024/09/09 18:48:15 [notice] 29#29: gracefully shutting down
2024/09/09 18:48:15 [notice] 30#30: gracefully shutting down
2024/09/09 18:48:15 [notice] 32#32: gracefully shutting down
2024/09/09 18:48:15 [notice] 31#31: gracefully shutting down
2024/09/09 18:48:15 [notice] 33#33: gracefully shutting down
2024/09/09 18:48:15 [notice] 38#38: gracefully shutting down
2024/09/09 18:48:15 [notice] 40#40: gracefully shutting down
2024/09/09 18:48:15 [notice] 34#34: gracefully shutting down
2024/09/09 18:48:15 [notice] 35#35: gracefully shutting down
2024/09/09 18:48:15 [notice] 37#37: gracefully shutting down
2024/09/09 18:48:15 [notice] 43#43: gracefully shutting down
2024/09/09 18:48:15 [notice] 44#44: gracefully shutting down
2024/09/09 18:48:15 [notice] 40#40: exiting
2024/09/09 18:48:15 [notice] 42#42: gracefully shutting down
2024/09/09 18:48:15 [notice] 41#41: gracefully shutting down
2024/09/09 18:48:15 [notice] 36#36: gracefully shutting down
2024/09/09 18:48:15 [notice] 45#45: gracefully shutting down
2024/09/09 18:48:15 [notice] 39#39: gracefully shutting down
2024/09/09 18:48:15 [notice] 28#28: exiting
2024/09/09 18:48:15 [notice] 46#46: gracefully shutting down
2024/09/09 18:48:15 [notice] 29#29: exiting
2024/09/09 18:48:15 [notice] 47#47: gracefully shutting down
2024/09/09 18:48:15 [notice] 30#30: exiting
2024/09/09 18:48:15 [notice] 39#39: exiting
2024/09/09 18:48:15 [notice] 31#31: exiting
2024/09/09 18:48:15 [notice] 32#32: exiting
2024/09/09 18:48:15 [notice] 33#33: exiting
2024/09/09 18:48:15 [notice] 38#38: exiting
2024/09/09 18:48:15 [notice] 37#37: exiting
2024/09/09 18:48:15 [notice] 35#35: exiting
2024/09/09 18:48:15 [notice] 34#34: exiting
2024/09/09 18:48:15 [notice] 44#44: exiting
2024/09/09 18:48:15 [notice] 43#43: exiting
2024/09/09 18:48:15 [notice] 42#42: exiting
2024/09/09 18:48:15 [notice] 30#30: exit
2024/09/09 18:48:15 [notice] 45#45: exiting
2024/09/09 18:48:15 [notice] 36#36: exiting
2024/09/09 18:48:15 [notice] 41#41: exiting
2024/09/09 18:48:15 [notice] 46#46: exiting
2024/09/09 18:48:15 [notice] 47#47: exiting
2024/09/09 18:48:15 [notice] 28#28: exit
2024/09/09 18:48:15 [notice] 40#40: exit
2024/09/09 18:48:15 [notice] 39#39: exit
2024/09/09 18:48:15 [notice] 29#29: exit
2024/09/09 18:48:15 [notice] 33#33: exit
2024/09/09 18:48:15 [notice] 31#31: exit
2024/09/09 18:48:15 [notice] 38#38: exit
2024/09/09 18:48:15 [notice] 35#35: exit
2024/09/09 18:48:15 [notice] 34#34: exit
2024/09/09 18:48:15 [notice] 43#43: exit
2024/09/09 18:48:15 [notice] 37#37: exit
2024/09/09 18:48:15 [notice] 41#41: exit
2024/09/09 18:48:15 [notice] 44#44: exit
2024/09/09 18:48:15 [notice] 42#42: exit
2024/09/09 18:48:15 [notice] 47#47: exit
2024/09/09 18:48:15 [notice] 32#32: exit
2024/09/09 18:48:15 [notice] 46#46: exit
2024/09/09 18:48:15 [notice] 45#45: exit
2024/09/09 18:48:15 [notice] 36#36: exit
2024/09/09 18:48:15 [notice] 1#1: signal 17 (SIGCHLD) received from 35
2024/09/09 18:48:15 [notice] 1#1: worker process 29 exited with code 0
2024/09/09 18:48:15 [notice] 1#1: worker process 30 exited with code 0
2024/09/09 18:48:15 [notice] 1#1: worker process 31 exited with code 0
2024/09/09 18:48:15 [notice] 1#1: worker process 32 exited with code 0
2024/09/09 18:48:15 [notice] 1#1: worker process 33 exited with code 0
2024/09/09 18:48:15 [notice] 1#1: worker process 35 exited with code 0
2024/09/09 18:48:15 [notice] 1#1: worker process 36 exited with code 0
2024/09/09 18:48:15 [notice] 1#1: worker process 37 exited with code 0
2024/09/09 18:48:15 [notice] 1#1: worker process 38 exited with code 0
2024/09/09 18:48:15 [notice] 1#1: worker process 39 exited with code 0
2024/09/09 18:48:15 [notice] 1#1: worker process 40 exited with code 0
2024/09/09 18:48:15 [notice] 1#1: worker process 41 exited with code 0
2024/09/09 18:48:15 [notice] 1#1: worker process 42 exited with code 0
2024/09/09 18:48:15 [notice] 1#1: worker process 43 exited with code 0
2024/09/09 18:48:15 [notice] 1#1: worker process 44 exited with code 0
2024/09/09 18:48:15 [notice] 1#1: worker process 45 exited with code 0
2024/09/09 18:48:15 [notice] 1#1: worker process 46 exited with code 0
2024/09/09 18:48:15 [notice] 1#1: worker process 47 exited with code 0
2024/09/09 18:48:15 [notice] 1#1: signal 29 (SIGIO) received
2024/09/09 18:48:15 [notice] 1#1: signal 17 (SIGCHLD) received from 44
2024/09/09 18:48:15 [notice] 1#1: signal 17 (SIGCHLD) received from 34
2024/09/09 18:48:15 [notice] 1#1: worker process 34 exited with code 0
2024/09/09 18:48:15 [notice] 1#1: signal 17 (SIGCHLD) received from 28
2024/09/09 18:48:15 [notice] 1#1: worker process 28 exited with code 0
2024/09/09 18:48:15 [notice] 1#1: exit
2024/09/09 18:48:18 [notice] 1#1: using the "epoll" event method
2024/09/09 18:48:18 [notice] 1#1: nginx/1.27.1
2024/09/09 18:48:18 [notice] 1#1: built by gcc 12.2.0 (Debian 12.2.0-14) 
2024/09/09 18:48:18 [notice] 1#1: OS: Linux 5.15.153.1-microsoft-standard-WSL2
2024/09/09 18:48:18 [notice] 1#1: getrlimit(RLIMIT_NOFILE): 1048576:1048576
2024/09/09 18:48:18 [notice] 1#1: start worker processes
2024/09/09 18:48:18 [notice] 1#1: start worker process 29
2024/09/09 18:48:18 [notice] 1#1: start worker process 30
2024/09/09 18:48:18 [notice] 1#1: start worker process 31
2024/09/09 18:48:18 [notice] 1#1: start worker process 32
2024/09/09 18:48:18 [notice] 1#1: start worker process 33
2024/09/09 18:48:18 [notice] 1#1: start worker process 34
2024/09/09 18:48:18 [notice] 1#1: start worker process 35
2024/09/09 18:48:18 [notice] 1#1: start worker process 36
2024/09/09 18:48:18 [notice] 1#1: start worker process 37
2024/09/09 18:48:18 [notice] 1#1: start worker process 38
2024/09/09 18:48:18 [notice] 1#1: start worker process 39
2024/09/09 18:48:18 [notice] 1#1: start worker process 40
2024/09/09 18:48:18 [notice] 1#1: start worker process 41
2024/09/09 18:48:18 [notice] 1#1: start worker process 42
2024/09/09 18:48:18 [notice] 1#1: start worker process 43
2024/09/09 18:48:18 [notice] 1#1: start worker process 44
2024/09/09 18:48:18 [notice] 1#1: start worker process 45
2024/09/09 18:48:18 [notice] 1#1: start worker process 46
2024/09/09 18:48:18 [notice] 1#1: start worker process 47
2024/09/09 18:48:18 [notice] 1#1: start worker process 48
2024/09/09 18:49:22 [notice] 1#1: signal 3 (SIGQUIT) received, shutting down
2024/09/09 18:49:22 [notice] 29#29: gracefully shutting down
2024/09/09 18:49:22 [notice] 44#44: gracefully shutting down
2024/09/09 18:49:22 [notice] 30#30: gracefully shutting down
2024/09/09 18:49:22 [notice] 31#31: gracefully shutting down
2024/09/09 18:49:22 [notice] 32#32: gracefully shutting down
2024/09/09 18:49:22 [notice] 35#35: gracefully shutting down
2024/09/09 18:49:22 [notice] 33#33: gracefully shutting down
2024/09/09 18:49:22 [notice] 36#36: gracefully shutting down
2024/09/09 18:49:22 [notice] 37#37: gracefully shutting down
2024/09/09 18:49:22 [notice] 38#38: gracefully shutting down
2024/09/09 18:49:22 [notice] 38#38: exiting
2024/09/09 18:49:22 [notice] 40#40: gracefully shutting down
2024/09/09 18:49:22 [notice] 40#40: exiting
2024/09/09 18:49:22 [notice] 39#39: gracefully shutting down
2024/09/09 18:49:22 [notice] 41#41: gracefully shutting down
2024/09/09 18:49:22 [notice] 34#34: gracefully shutting down
2024/09/09 18:49:22 [notice] 43#43: gracefully shutting down
2024/09/09 18:49:22 [notice] 42#42: gracefully shutting down
2024/09/09 18:49:22 [notice] 45#45: gracefully shutting down
2024/09/09 18:49:22 [notice] 48#48: gracefully shutting down
2024/09/09 18:49:22 [notice] 47#47: gracefully shutting down
2024/09/09 18:49:22 [notice] 46#46: gracefully shutting down
2024/09/09 18:49:22 [notice] 29#29: exiting
2024/09/09 18:49:22 [notice] 44#44: exiting
2024/09/09 18:49:22 [notice] 30#30: exiting
2024/09/09 18:49:22 [notice] 31#31: exiting
2024/09/09 18:49:22 [notice] 32#32: exiting
2024/09/09 18:49:22 [notice] 31#31: exit
2024/09/09 18:49:22 [notice] 35#35: exiting
2024/09/09 18:49:22 [notice] 33#33: exiting
2024/09/09 18:49:22 [notice] 36#36: exiting
2024/09/09 18:49:22 [notice] 37#37: exiting
2024/09/09 18:49:22 [notice] 38#38: exit
2024/09/09 18:49:22 [notice] 39#39: exiting
2024/09/09 18:49:22 [notice] 41#41: exiting
2024/09/09 18:49:22 [notice] 34#34: exiting
2024/09/09 18:49:22 [notice] 43#43: exiting
2024/09/09 18:49:22 [notice] 34#34: exit
2024/09/09 18:49:22 [notice] 42#42: exiting
2024/09/09 18:49:22 [notice] 43#43: exit
2024/09/09 18:49:22 [notice] 45#45: exiting
2024/09/09 18:49:22 [notice] 48#48: exiting
2024/09/09 18:49:22 [notice] 47#47: exiting
2024/09/09 18:49:22 [notice] 40#40: exit
2024/09/09 18:49:22 [notice] 46#46: exiting
2024/09/09 18:49:22 [notice] 44#44: exit
2024/09/09 18:49:22 [notice] 32#32: exit
2024/09/09 18:49:22 [notice] 46#46: exit
2024/09/09 18:49:22 [notice] 30#30: exit
2024/09/09 18:49:22 [notice] 35#35: exit
2024/09/09 18:49:22 [notice] 36#36: exit
2024/09/09 18:49:22 [notice] 33#33: exit
2024/09/09 18:49:22 [notice] 37#37: exit
2024/09/09 18:49:22 [notice] 39#39: exit
2024/09/09 18:49:22 [notice] 41#41: exit
2024/09/09 18:49:22 [notice] 42#42: exit
2024/09/09 18:49:22 [notice] 45#45: exit
2024/09/09 18:49:22 [notice] 47#47: exit
2024/09/09 18:49:22 [notice] 29#29: exit
2024/09/09 18:49:22 [notice] 48#48: exit
2024/09/09 18:49:22 [notice] 1#1: signal 17 (SIGCHLD) received from 31
2024/09/09 18:49:22 [notice] 1#1: worker process 31 exited with code 0
2024/09/09 18:49:22 [notice] 1#1: signal 29 (SIGIO) received
2024/09/09 18:49:22 [notice] 1#1: signal 17 (SIGCHLD) received from 44
2024/09/09 18:49:22 [notice] 1#1: worker process 29 exited with code 0
2024/09/09 18:49:22 [notice] 1#1: worker process 32 exited with code 0
2024/09/09 18:49:22 [notice] 1#1: worker process 33 exited with code 0
2024/09/09 18:49:22 [notice] 1#1: worker process 35 exited with code 0
2024/09/09 18:49:22 [notice] 1#1: worker process 37 exited with code 0
2024/09/09 18:49:22 [notice] 1#1: worker process 38 exited with code 0
2024/09/09 18:49:22 [notice] 1#1: worker process 39 exited with code 0
2024/09/09 18:49:22 [notice] 1#1: worker process 40 exited with code 0
2024/09/09 18:49:22 [notice] 1#1: worker process 41 exited with code 0
2024/09/09 18:49:22 [notice] 1#1: worker process 42 exited with code 0
2024/09/09 18:49:22 [notice] 1#1: worker process 43 exited with code 0
2024/09/09 18:49:22 [notice] 1#1: worker process 44 exited with code 0
2024/09/09 18:49:22 [notice] 1#1: signal 29 (SIGIO) received
2024/09/09 18:49:22 [notice] 1#1: signal 17 (SIGCHLD) received from 40
2024/09/09 18:49:22 [notice] 1#1: signal 17 (SIGCHLD) received from 48
2024/09/09 18:49:22 [notice] 1#1: worker process 34 exited with code 0
2024/09/09 18:49:22 [notice] 1#1: worker process 46 exited with code 0
2024/09/09 18:49:22 [notice] 1#1: worker process 48 exited with code 0
2024/09/09 18:49:22 [notice] 1#1: signal 29 (SIGIO) received
2024/09/09 18:49:22 [notice] 1#1: signal 17 (SIGCHLD) received from 46
2024/09/09 18:49:22 [notice] 1#1: signal 17 (SIGCHLD) received from 30
2024/09/09 18:49:22 [notice] 1#1: worker process 30 exited with code 0
2024/09/09 18:49:22 [notice] 1#1: worker process 45 exited with code 0
2024/09/09 18:49:22 [notice] 1#1: signal 29 (SIGIO) received
2024/09/09 18:49:22 [notice] 1#1: signal 17 (SIGCHLD) received from 45
2024/09/09 18:49:22 [notice] 1#1: signal 17 (SIGCHLD) received from 47
2024/09/09 18:49:22 [notice] 1#1: worker process 36 exited with code 0
2024/09/09 18:49:22 [notice] 1#1: worker process 47 exited with code 0
2024/09/09 18:49:22 [notice] 1#1: exit
2024/09/09 18:49:23 [notice] 1#1: using the "epoll" event method
2024/09/09 18:49:23 [notice] 1#1: nginx/1.27.1
2024/09/09 18:49:23 [notice] 1#1: built by gcc 12.2.0 (Debian 12.2.0-14) 
2024/09/09 18:49:23 [notice] 1#1: OS: Linux 5.15.153.1-microsoft-standard-WSL2
2024/09/09 18:49:23 [notice] 1#1: getrlimit(RLIMIT_NOFILE): 1048576:1048576
2024/09/09 18:49:23 [notice] 1#1: start worker processes
2024/09/09 18:49:23 [notice] 1#1: start worker process 28
2024/09/09 18:49:23 [notice] 1#1: start worker process 29
2024/09/09 18:49:23 [notice] 1#1: start worker process 30
2024/09/09 18:49:23 [notice] 1#1: start worker process 31
2024/09/09 18:49:23 [notice] 1#1: start worker process 32
2024/09/09 18:49:23 [notice] 1#1: start worker process 33
2024/09/09 18:49:23 [notice] 1#1: start worker process 34
2024/09/09 18:49:23 [notice] 1#1: start worker process 35
2024/09/09 18:49:23 [notice] 1#1: start worker process 36
2024/09/09 18:49:23 [notice] 1#1: start worker process 37
2024/09/09 18:49:23 [notice] 1#1: start worker process 38
2024/09/09 18:49:23 [notice] 1#1: start worker process 39
2024/09/09 18:49:23 [notice] 1#1: start worker process 40
2024/09/09 18:49:23 [notice] 1#1: start worker process 41
2024/09/09 18:49:23 [notice] 1#1: start worker process 42
2024/09/09 18:49:23 [notice] 1#1: start worker process 43
2024/09/09 18:49:23 [notice] 1#1: start worker process 44
2024/09/09 18:49:23 [notice] 1#1: start worker process 45
2024/09/09 18:49:23 [notice] 1#1: start worker process 46
2024/09/09 18:49:23 [notice] 1#1: start worker process 47
